<?xml version="1.0" encoding="UTF-8"?>
<testsuite name="com.tiendaecommerce.tienda.TiendaApplicationTests" tests="1" skipped="0" failures="0" errors="0" timestamp="2021-11-05T06:42:49" hostname="DESKTOP-PI37A1U" time="0.818">
  <properties/>
  <testcase name="contextLoads()" classname="com.tiendaecommerce.tienda.TiendaApplicationTests" time="0.818"/>
  <system-out><![CDATA[03:42:39.924 [Test worker] DEBUG org.springframework.test.context.BootstrapUtils - Instantiating CacheAwareContextLoaderDelegate from class [org.springframework.test.context.cache.DefaultCacheAwareContextLoaderDelegate]
03:42:39.944 [Test worker] DEBUG org.springframework.test.context.BootstrapUtils - Instantiating BootstrapContext using constructor [public org.springframework.test.context.support.DefaultBootstrapContext(java.lang.Class,org.springframework.test.context.CacheAwareContextLoaderDelegate)]
03:42:39.984 [Test worker] DEBUG org.springframework.test.context.BootstrapUtils - Instantiating TestContextBootstrapper for test class [com.tiendaecommerce.tienda.TiendaApplicationTests] from class [org.springframework.boot.test.context.SpringBootTestContextBootstrapper]
03:42:40.000 [Test worker] INFO org.springframework.boot.test.context.SpringBootTestContextBootstrapper - Neither @ContextConfiguration nor @ContextHierarchy found for test class [com.tiendaecommerce.tienda.TiendaApplicationTests], using SpringBootContextLoader
03:42:40.005 [Test worker] DEBUG org.springframework.test.context.support.AbstractContextLoader - Did not detect default resource location for test class [com.tiendaecommerce.tienda.TiendaApplicationTests]: class path resource [com/tiendaecommerce/tienda/TiendaApplicationTests-context.xml] does not exist
03:42:40.006 [Test worker] DEBUG org.springframework.test.context.support.AbstractContextLoader - Did not detect default resource location for test class [com.tiendaecommerce.tienda.TiendaApplicationTests]: class path resource [com/tiendaecommerce/tienda/TiendaApplicationTestsContext.groovy] does not exist
03:42:40.006 [Test worker] INFO org.springframework.test.context.support.AbstractContextLoader - Could not detect default resource locations for test class [com.tiendaecommerce.tienda.TiendaApplicationTests]: no resource found for suffixes {-context.xml, Context.groovy}.
03:42:40.007 [Test worker] INFO org.springframework.test.context.support.AnnotationConfigContextLoaderUtils - Could not detect default configuration classes for test class [com.tiendaecommerce.tienda.TiendaApplicationTests]: TiendaApplicationTests does not declare any static, non-private, non-final, nested classes annotated with @Configuration.
03:42:40.074 [Test worker] DEBUG org.springframework.test.context.support.ActiveProfilesUtils - Could not find an 'annotation declaring class' for annotation type [org.springframework.test.context.ActiveProfiles] and class [com.tiendaecommerce.tienda.TiendaApplicationTests]
03:42:40.211 [Test worker] DEBUG org.springframework.context.annotation.ClassPathScanningCandidateComponentProvider - Identified candidate component class: file [C:\Users\Seba\Desktop\mercadopago\tienda\build\classes\java\main\com\tiendaecommerce\tienda\TiendaApplication.class]
03:42:40.214 [Test worker] INFO org.springframework.boot.test.context.SpringBootTestContextBootstrapper - Found @SpringBootConfiguration com.tiendaecommerce.tienda.TiendaApplication for test class com.tiendaecommerce.tienda.TiendaApplicationTests
03:42:40.398 [Test worker] DEBUG org.springframework.boot.test.context.SpringBootTestContextBootstrapper - @TestExecutionListeners is not present for class [com.tiendaecommerce.tienda.TiendaApplicationTests]: using defaults.
03:42:40.399 [Test worker] INFO org.springframework.boot.test.context.SpringBootTestContextBootstrapper - Loaded default TestExecutionListener class names from location [META-INF/spring.factories]: [org.springframework.boot.test.autoconfigure.restdocs.RestDocsTestExecutionListener, org.springframework.boot.test.autoconfigure.web.client.MockRestServiceServerResetTestExecutionListener, org.springframework.boot.test.autoconfigure.web.servlet.MockMvcPrintOnlyOnFailureTestExecutionListener, org.springframework.boot.test.autoconfigure.web.servlet.WebDriverTestExecutionListener, org.springframework.boot.test.autoconfigure.webservices.client.MockWebServiceServerTestExecutionListener, org.springframework.boot.test.mock.mockito.MockitoTestExecutionListener, org.springframework.boot.test.mock.mockito.ResetMocksTestExecutionListener, org.springframework.test.context.web.ServletTestExecutionListener, org.springframework.test.context.support.DirtiesContextBeforeModesTestExecutionListener, org.springframework.test.context.event.ApplicationEventsTestExecutionListener, org.springframework.test.context.support.DependencyInjectionTestExecutionListener, org.springframework.test.context.support.DirtiesContextTestExecutionListener, org.springframework.test.context.transaction.TransactionalTestExecutionListener, org.springframework.test.context.jdbc.SqlScriptsTestExecutionListener, org.springframework.test.context.event.EventPublishingTestExecutionListener]
03:42:40.459 [Test worker] INFO org.springframework.boot.test.context.SpringBootTestContextBootstrapper - Using TestExecutionListeners: [org.springframework.test.context.web.ServletTestExecutionListener@16f7b4af, org.springframework.test.context.support.DirtiesContextBeforeModesTestExecutionListener@7adf16aa, org.springframework.test.context.event.ApplicationEventsTestExecutionListener@34a1d21f, org.springframework.boot.test.mock.mockito.MockitoTestExecutionListener@58bf8650, org.springframework.boot.test.autoconfigure.SpringBootDependencyInjectionTestExecutionListener@73c60324, org.springframework.test.context.support.DirtiesContextTestExecutionListener@71ae31b0, org.springframework.test.context.transaction.TransactionalTestExecutionListener@4ba534b0, org.springframework.test.context.jdbc.SqlScriptsTestExecutionListener@6f0ca692, org.springframework.test.context.event.EventPublishingTestExecutionListener@2c104774, org.springframework.boot.test.autoconfigure.restdocs.RestDocsTestExecutionListener@2cb3d0f7, org.springframework.boot.test.autoconfigure.web.client.MockRestServiceServerResetTestExecutionListener@4e517165, org.springframework.boot.test.autoconfigure.web.servlet.MockMvcPrintOnlyOnFailureTestExecutionListener@44e3760b, org.springframework.boot.test.autoconfigure.web.servlet.WebDriverTestExecutionListener@6a66a204, org.springframework.boot.test.autoconfigure.webservices.client.MockWebServiceServerTestExecutionListener@5860f3d7, org.springframework.boot.test.mock.mockito.ResetMocksTestExecutionListener@1d7f7be7]
03:42:40.465 [Test worker] DEBUG org.springframework.test.context.support.AbstractDirtiesContextTestExecutionListener - Before test class: context [DefaultTestContext@18518ccf testClass = TiendaApplicationTests, testInstance = [null], testMethod = [null], testException = [null], mergedContextConfiguration = [WebMergedContextConfiguration@1991f767 testClass = TiendaApplicationTests, locations = '{}', classes = '{class com.tiendaecommerce.tienda.TiendaApplication}', contextInitializerClasses = '[]', activeProfiles = '{}', propertySourceLocations = '{}', propertySourceProperties = '{org.springframework.boot.test.context.SpringBootTestContextBootstrapper=true}', contextCustomizers = set[org.springframework.boot.test.autoconfigure.actuate.metrics.MetricsExportContextCustomizerFactory$DisableMetricExportContextCustomizer@76a2ddf3, org.springframework.boot.test.autoconfigure.properties.PropertyMappingContextCustomizer@0, org.springframework.boot.test.autoconfigure.web.servlet.WebDriverContextCustomizerFactory$Customizer@13330ac6, org.springframework.boot.test.context.filter.ExcludeFilterContextCustomizer@4331d187, org.springframework.boot.test.json.DuplicateJsonObjectContextCustomizerFactory$DuplicateJsonObjectContextCustomizer@1608bcbd, org.springframework.boot.test.mock.mockito.MockitoContextCustomizer@0, org.springframework.boot.test.web.client.TestRestTemplateContextCustomizer@1c481ff2, org.springframework.boot.test.context.SpringBootTestArgs@1, org.springframework.boot.test.context.SpringBootTestWebEnvironment@66498326], resourceBasePath = 'src/main/webapp', contextLoader = 'org.springframework.boot.test.context.SpringBootContextLoader', parent = [null]], attributes = map['org.springframework.test.context.web.ServletTestExecutionListener.activateListener' -> true]], class annotated with @DirtiesContext [false] with mode [null].
03:42:40.514 [Test worker] DEBUG org.springframework.test.context.support.TestPropertySourceUtils - Adding inlined properties to environment: {spring.jmx.enabled=false, org.springframework.boot.test.context.SpringBootTestContextBootstrapper=true}

  .   ____          _            __ _ _
 /\\ / ___'_ __ _ _(_)_ __  __ _ \ \ \ \
( ( )\___ | '_ | '_| | '_ \/ _` | \ \ \ \
 \\/  ___)| |_)| | | | | || (_| |  ) ) ) )
  '  |____| .__|_| |_|_| |_\__, | / / / /
 =========|_|==============|___/=/_/_/_/
 :: Spring Boot ::                (v2.5.6)

2021-11-05 03:42:40.882  INFO 8692 --- [    Test worker] c.t.tienda.TiendaApplicationTests        : Starting TiendaApplicationTests using Java 16.0.1 on DESKTOP-PI37A1U with PID 8692 (started by Seba in C:\Users\Seba\Desktop\mercadopago\tienda)
2021-11-05 03:42:40.885  INFO 8692 --- [    Test worker] c.t.tienda.TiendaApplicationTests        : No active profile set, falling back to default profiles: default
2021-11-05 03:42:42.055  INFO 8692 --- [    Test worker] .s.d.r.c.RepositoryConfigurationDelegate : Bootstrapping Spring Data JPA repositories in DEFAULT mode.
2021-11-05 03:42:42.175  INFO 8692 --- [    Test worker] .s.d.r.c.RepositoryConfigurationDelegate : Finished Spring Data repository scanning in 106 ms. Found 2 JPA repository interfaces.
2021-11-05 03:42:43.152  INFO 8692 --- [    Test worker] com.zaxxer.hikari.HikariDataSource       : HikariPool-1 - Starting...
2021-11-05 03:42:43.531  INFO 8692 --- [    Test worker] com.zaxxer.hikari.HikariDataSource       : HikariPool-1 - Start completed.
2021-11-05 03:42:43.696  INFO 8692 --- [    Test worker] o.hibernate.jpa.internal.util.LogHelper  : HHH000204: Processing PersistenceUnitInfo [name: default]
2021-11-05 03:42:43.806  INFO 8692 --- [    Test worker] org.hibernate.Version                    : HHH000412: Hibernate ORM core version 5.4.32.Final
2021-11-05 03:42:44.109  INFO 8692 --- [    Test worker] o.hibernate.annotations.common.Version   : HCANN000001: Hibernate Commons Annotations {5.1.2.Final}
2021-11-05 03:42:44.359  INFO 8692 --- [    Test worker] org.hibernate.dialect.Dialect            : HHH000400: Using dialect: org.hibernate.dialect.H2Dialect
2021-11-05 03:42:45.404  INFO 8692 --- [    Test worker] o.h.e.t.j.p.i.JtaPlatformInitiator       : HHH000490: Using JtaPlatform implementation: [org.hibernate.engine.transaction.jta.platform.internal.NoJtaPlatform]
2021-11-05 03:42:45.418  INFO 8692 --- [    Test worker] j.LocalContainerEntityManagerFactoryBean : Initialized JPA EntityManagerFactory for persistence unit 'default'
2021-11-05 03:42:46.594  WARN 8692 --- [    Test worker] JpaBaseConfiguration$JpaWebConfiguration : spring.jpa.open-in-view is enabled by default. Therefore, database queries may be performed during view rendering. Explicitly configure spring.jpa.open-in-view to disable this warning
2021-11-05 03:42:48.839  INFO 8692 --- [    Test worker] c.t.tienda.TiendaApplicationTests        : Started TiendaApplicationTests in 8.303 seconds (JVM running for 10.589)
]]></system-out>
  <system-err><![CDATA[]]></system-err>
</testsuite>
